<?xml version="1.0" encoding="UTF-8"?>
<coverage generated="1608650492526" clover="3.2.0">
  <project timestamp="1608650492526" name="All files">
    <metrics statements="68" coveredstatements="63" conditionals="9" coveredconditionals="9" methods="25" coveredmethods="20" elements="102" coveredelements="92" complexity="0" loc="68" ncloc="68" packages="11" files="17" classes="17"/>
    <package name="PiyushSinrojaPractical">
      <metrics statements="3" coveredstatements="3" conditionals="0" coveredconditionals="0" methods="1" coveredmethods="1"/>
      <file name="App.tsx" path="/Volumes/data/React Native Demo/PiyushSinroja_Practical/PiyushSinrojaPractical/App.tsx">
        <metrics statements="3" coveredstatements="3" conditionals="0" coveredconditionals="0" methods="1" coveredmethods="1"/>
        <line num="14" count="1" type="stmt"/>
        <line num="16" count="1" type="stmt"/>
        <line num="17" count="1" type="stmt"/>
      </file>
    </package>
    <package name="PiyushSinrojaPractical.source.assets.images">
      <metrics statements="1" coveredstatements="1" conditionals="0" coveredconditionals="0" methods="0" coveredmethods="0"/>
      <file name="diamondIcon.png" path="/Volumes/data/React Native Demo/PiyushSinroja_Practical/PiyushSinrojaPractical/source/assets/images/diamondIcon.png">
        <metrics statements="1" coveredstatements="1" conditionals="0" coveredconditionals="0" methods="0" coveredmethods="0"/>
        <line num="1" count="2" type="stmt"/>
      </file>
    </package>
    <package name="PiyushSinrojaPractical.source.common.components">
      <metrics statements="4" coveredstatements="4" conditionals="0" coveredconditionals="0" methods="1" coveredmethods="1"/>
      <file name="CommonButton.tsx" path="/Volumes/data/React Native Demo/PiyushSinroja_Practical/PiyushSinrojaPractical/source/common/components/CommonButton.tsx">
        <metrics statements="2" coveredstatements="2" conditionals="0" coveredconditionals="0" methods="1" coveredmethods="1"/>
        <line num="24" count="4" type="stmt"/>
        <line num="31" count="10" type="stmt"/>
      </file>
      <file name="CommonButtonStyle.ts" path="/Volumes/data/React Native Demo/PiyushSinroja_Practical/PiyushSinrojaPractical/source/common/components/CommonButtonStyle.ts">
        <metrics statements="2" coveredstatements="2" conditionals="0" coveredconditionals="0" methods="0" coveredmethods="0"/>
        <line num="2" count="4" type="stmt"/>
        <line num="7" count="4" type="stmt"/>
      </file>
    </package>
    <package name="PiyushSinrojaPractical.source.constant">
      <metrics statements="1" coveredstatements="1" conditionals="0" coveredconditionals="0" methods="0" coveredmethods="0"/>
      <file name="Colors.ts" path="/Volumes/data/React Native Demo/PiyushSinroja_Practical/PiyushSinrojaPractical/source/constant/Colors.ts">
        <metrics statements="1" coveredstatements="1" conditionals="0" coveredconditionals="0" methods="0" coveredmethods="0"/>
        <line num="4" count="4" type="stmt"/>
      </file>
    </package>
    <package name="PiyushSinrojaPractical.source.navigation-manager">
      <metrics statements="3" coveredstatements="3" conditionals="0" coveredconditionals="0" methods="1" coveredmethods="1"/>
      <file name="NavigationManager.tsx" path="/Volumes/data/React Native Demo/PiyushSinroja_Practical/PiyushSinrojaPractical/source/navigation-manager/NavigationManager.tsx">
        <metrics statements="2" coveredstatements="2" conditionals="0" coveredconditionals="0" methods="1" coveredmethods="1"/>
        <line num="16" count="1" type="stmt"/>
        <line num="44" count="1" type="stmt"/>
      </file>
      <file name="Screens.ts" path="/Volumes/data/React Native Demo/PiyushSinroja_Practical/PiyushSinrojaPractical/source/navigation-manager/Screens.ts">
        <metrics statements="1" coveredstatements="1" conditionals="0" coveredconditionals="0" methods="0" coveredmethods="0"/>
        <line num="6" count="1" type="stmt"/>
      </file>
    </package>
    <package name="PiyushSinrojaPractical.source.redux-classes">
      <metrics statements="3" coveredstatements="3" conditionals="0" coveredconditionals="0" methods="1" coveredmethods="1"/>
      <file name="ConfigStore.ts" path="/Volumes/data/React Native Demo/PiyushSinroja_Practical/PiyushSinrojaPractical/source/redux-classes/ConfigStore.ts">
        <metrics statements="3" coveredstatements="3" conditionals="0" coveredconditionals="0" methods="1" coveredmethods="1"/>
        <line num="6" count="4" type="stmt"/>
        <line num="11" count="4" type="stmt"/>
        <line num="12" count="4" type="stmt"/>
      </file>
    </package>
    <package name="PiyushSinrojaPractical.source.redux-classes.actions">
      <metrics statements="3" coveredstatements="3" conditionals="0" coveredconditionals="0" methods="1" coveredmethods="1"/>
      <file name="ActionType.ts" path="/Volumes/data/React Native Demo/PiyushSinroja_Practical/PiyushSinrojaPractical/source/redux-classes/actions/ActionType.ts">
        <metrics statements="1" coveredstatements="1" conditionals="0" coveredconditionals="0" methods="0" coveredmethods="0"/>
        <line num="1" count="5" type="stmt"/>
      </file>
      <file name="UserActions.ts" path="/Volumes/data/React Native Demo/PiyushSinroja_Practical/PiyushSinrojaPractical/source/redux-classes/actions/UserActions.ts">
        <metrics statements="2" coveredstatements="2" conditionals="0" coveredconditionals="0" methods="1" coveredmethods="1"/>
        <line num="10" count="3" type="stmt"/>
        <line num="12" count="2" type="stmt"/>
      </file>
    </package>
    <package name="PiyushSinrojaPractical.source.redux-classes.deducers">
      <metrics statements="4" coveredstatements="4" conditionals="3" coveredconditionals="3" methods="1" coveredmethods="1"/>
      <file name="UserReducers.ts" path="/Volumes/data/React Native Demo/PiyushSinroja_Practical/PiyushSinrojaPractical/source/redux-classes/deducers/UserReducers.ts">
        <metrics statements="4" coveredstatements="4" conditionals="3" coveredconditionals="3" methods="1" coveredmethods="1"/>
        <line num="7" count="4" type="stmt"/>
        <line num="12" count="13" type="cond" truecount="2" falsecount="0"/>
        <line num="14" count="1" type="stmt"/>
        <line num="19" count="12" type="stmt"/>
      </file>
    </package>
    <package name="PiyushSinrojaPractical.source.screens.ButtonScreen">
      <metrics statements="18" coveredstatements="14" conditionals="2" coveredconditionals="2" methods="10" coveredmethods="5"/>
      <file name="ButtonScreen.tsx" path="/Volumes/data/React Native Demo/PiyushSinroja_Practical/PiyushSinrojaPractical/source/screens/ButtonScreen/ButtonScreen.tsx">
        <metrics statements="16" coveredstatements="12" conditionals="2" coveredconditionals="2" methods="10" coveredmethods="5"/>
        <line num="9" count="2" type="stmt"/>
        <line num="22" count="2" type="stmt"/>
        <line num="23" count="2" type="stmt"/>
        <line num="25" count="3" type="stmt"/>
        <line num="27" count="2" type="stmt"/>
        <line num="28" count="0" type="stmt"/>
        <line num="31" count="2" type="stmt"/>
        <line num="33" count="2" type="stmt"/>
        <line num="34" count="2" type="cond" truecount="2" falsecount="0"/>
        <line num="36" count="2" type="stmt"/>
        <line num="49" count="1" type="stmt"/>
        <line num="52" count="1" type="stmt"/>
        <line num="66" count="2" type="stmt"/>
        <line num="84" count="0" type="stmt"/>
        <line num="93" count="0" type="stmt"/>
        <line num="102" count="0" type="stmt"/>
      </file>
      <file name="ButtonScreenStyles.ts" path="/Volumes/data/React Native Demo/PiyushSinroja_Practical/PiyushSinrojaPractical/source/screens/ButtonScreen/ButtonScreenStyles.ts">
        <metrics statements="2" coveredstatements="2" conditionals="0" coveredconditionals="0" methods="0" coveredmethods="0"/>
        <line num="3" count="2" type="stmt"/>
        <line num="8" count="2" type="stmt"/>
      </file>
    </package>
    <package name="PiyushSinrojaPractical.source.screens.InformationScreen">
      <metrics statements="4" coveredstatements="4" conditionals="0" coveredconditionals="0" methods="2" coveredmethods="2"/>
      <file name="InformationScreen.tsx" path="/Volumes/data/React Native Demo/PiyushSinroja_Practical/PiyushSinrojaPractical/source/screens/InformationScreen/InformationScreen.tsx">
        <metrics statements="3" coveredstatements="3" conditionals="0" coveredconditionals="0" methods="2" coveredmethods="2"/>
        <line num="11" count="2" type="stmt"/>
        <line num="13" count="2" type="stmt"/>
        <line num="14" count="1" type="stmt"/>
      </file>
      <file name="InformationScreenStyle.ts" path="/Volumes/data/React Native Demo/PiyushSinroja_Practical/PiyushSinrojaPractical/source/screens/InformationScreen/InformationScreenStyle.ts">
        <metrics statements="1" coveredstatements="1" conditionals="0" coveredconditionals="0" methods="0" coveredmethods="0"/>
        <line num="7" count="2" type="stmt"/>
      </file>
    </package>
    <package name="PiyushSinrojaPractical.source.screens.WelcomeScreen">
      <metrics statements="24" coveredstatements="23" conditionals="4" coveredconditionals="4" methods="7" coveredmethods="7"/>
      <file name="WelcomeScreen.tsx" path="/Volumes/data/React Native Demo/PiyushSinroja_Practical/PiyushSinrojaPractical/source/screens/WelcomeScreen/WelcomeScreen.tsx">
        <metrics statements="22" coveredstatements="21" conditionals="4" coveredconditionals="4" methods="7" coveredmethods="7"/>
        <line num="1" count="2" type="stmt"/>
        <line num="18" count="2" type="stmt"/>
        <line num="25" count="2" type="stmt"/>
        <line num="26" count="6" type="cond" truecount="2" falsecount="0"/>
        <line num="27" count="3" type="stmt"/>
        <line num="29" count="3" type="stmt"/>
        <line num="39" count="2" type="stmt"/>
        <line num="41" count="3" type="stmt"/>
        <line num="43" count="3" type="stmt"/>
        <line num="45" count="3" type="stmt"/>
        <line num="46" count="2" type="stmt"/>
        <line num="47" count="0" type="stmt"/>
        <line num="50" count="3" type="stmt"/>
        <line num="51" count="2" type="stmt"/>
        <line num="54" count="3" type="stmt"/>
        <line num="55" count="2" type="cond" truecount="2" falsecount="0"/>
        <line num="56" count="1" type="stmt"/>
        <line num="57" count="1" type="stmt"/>
        <line num="59" count="1" type="stmt"/>
        <line num="63" count="3" type="stmt"/>
        <line num="71" count="2" type="stmt"/>
        <line num="79" count="2" type="stmt"/>
      </file>
      <file name="WelcomeScreenStyle.ts" path="/Volumes/data/React Native Demo/PiyushSinroja_Practical/PiyushSinrojaPractical/source/screens/WelcomeScreen/WelcomeScreenStyle.ts">
        <metrics statements="2" coveredstatements="2" conditionals="0" coveredconditionals="0" methods="0" coveredmethods="0"/>
        <line num="3" count="2" type="stmt"/>
        <line num="8" count="2" type="stmt"/>
      </file>
    </package>
  </project>
</coverage>
