{"/Volumes/data/React Native Demo/PiyushSinroja_Practical/PiyushSinrojaPractical/App.tsx": {"path":"/Volumes/data/React Native Demo/PiyushSinroja_Practical/PiyushSinrojaPractical/App.tsx","statementMap":{"0":{"start":{"line":14,"column":14},"end":{"line":14,"column":30}},"1":{"start":{"line":16,"column":22},"end":{"line":22,"column":1}},"2":{"start":{"line":17,"column":2},"end":{"line":21,"column":4}}},"fnMap":{"0":{"name":"(anonymous_0)","decl":{"start":{"line":16,"column":22},"end":{"line":16,"column":23}},"loc":{"start":{"line":16,"column":28},"end":{"line":22,"column":1}},"line":16}},"branchMap":{},"s":{"0":1,"1":1,"2":1},"f":{"0":1},"b":{},"_coverageSchema":"1a1c01bbd47fc00a2c39e90264f33305004495a9","hash":"98faad32b62a42cd183504fbebacba6ce6842537"}
,"/Volumes/data/React Native Demo/PiyushSinroja_Practical/PiyushSinrojaPractical/source/assets/images/diamondIcon.png": {"path":"/Volumes/data/React Native Demo/PiyushSinroja_Practical/PiyushSinrojaPractical/source/assets/images/diamondIcon.png","statementMap":{"0":{"start":{"line":1,"column":0},"end":{"line":4,"column":6}}},"fnMap":{},"branchMap":{},"s":{"0":2},"f":{},"b":{},"inputSourceMap":null,"_coverageSchema":"1a1c01bbd47fc00a2c39e90264f33305004495a9","hash":"af9a30c88c4715b44cf5d5fe7fd8a28c21c35583"}
,"/Volumes/data/React Native Demo/PiyushSinroja_Practical/PiyushSinrojaPractical/source/common/components/CommonButton.tsx": {"path":"/Volumes/data/React Native Demo/PiyushSinroja_Practical/PiyushSinrojaPractical/source/common/components/CommonButton.tsx","statementMap":{"0":{"start":{"line":24,"column":50},"end":{"line":41,"column":3}},"1":{"start":{"line":31,"column":4},"end":{"line":40,"column":6}}},"fnMap":{"0":{"name":"(anonymous_0)","decl":{"start":{"line":24,"column":50},"end":{"line":24,"column":51}},"loc":{"start":{"line":30,"column":8},"end":{"line":41,"column":3}},"line":30}},"branchMap":{},"s":{"0":4,"1":10},"f":{"0":10},"b":{},"_coverageSchema":"1a1c01bbd47fc00a2c39e90264f33305004495a9","hash":"60b0fd38747b4425470a2e347197cc845cb24a5c"}
,"/Volumes/data/React Native Demo/PiyushSinroja_Practical/PiyushSinrojaPractical/source/common/components/CommonButtonStyle.ts": {"path":"/Volumes/data/React Native Demo/PiyushSinroja_Practical/PiyushSinrojaPractical/source/common/components/CommonButtonStyle.ts","statementMap":{"0":{"start":{"line":2,"column":17},"end":{"line":2,"column":41}},"1":{"start":{"line":7,"column":33},"end":{"line":27,"column":2}}},"fnMap":{},"branchMap":{},"s":{"0":4,"1":4},"f":{},"b":{},"_coverageSchema":"1a1c01bbd47fc00a2c39e90264f33305004495a9","hash":"6f3741f52a7119c986561e6d3a9e8e9fd0d769ba"}
,"/Volumes/data/React Native Demo/PiyushSinroja_Practical/PiyushSinrojaPractical/source/constant/Colors.ts": {"path":"/Volumes/data/React Native Demo/PiyushSinroja_Practical/PiyushSinrojaPractical/source/constant/Colors.ts","statementMap":{"0":{"start":{"line":4,"column":28},"end":{"line":12,"column":3}}},"fnMap":{},"branchMap":{},"s":{"0":4},"f":{},"b":{},"_coverageSchema":"1a1c01bbd47fc00a2c39e90264f33305004495a9","hash":"3ac979fad8f0b86efd5c7ad66fa6c5b0fed88046"}
,"/Volumes/data/React Native Demo/PiyushSinroja_Practical/PiyushSinrojaPractical/source/navigation-manager/NavigationManager.tsx": {"path":"/Volumes/data/React Native Demo/PiyushSinroja_Practical/PiyushSinrojaPractical/source/navigation-manager/NavigationManager.tsx","statementMap":{"0":{"start":{"line":16,"column":4},"end":{"line":41,"column":6}},"1":{"start":{"line":44,"column":14},"end":{"line":44,"column":36}}},"fnMap":{"0":{"name":"NavigationManager","decl":{"start":{"line":15,"column":24},"end":{"line":15,"column":41}},"loc":{"start":{"line":15,"column":44},"end":{"line":42,"column":1}},"line":15}},"branchMap":{},"s":{"0":1,"1":1},"f":{"0":1},"b":{},"_coverageSchema":"1a1c01bbd47fc00a2c39e90264f33305004495a9","hash":"58bda7ce776c4e6ced647f7a912a8aeeb64cd758"}
,"/Volumes/data/React Native Demo/PiyushSinroja_Practical/PiyushSinrojaPractical/source/navigation-manager/Screens.ts": {"path":"/Volumes/data/React Native Demo/PiyushSinroja_Practical/PiyushSinrojaPractical/source/navigation-manager/Screens.ts","statementMap":{"0":{"start":{"line":6,"column":28},"end":{"line":10,"column":1}}},"fnMap":{},"branchMap":{},"s":{"0":1},"f":{},"b":{},"_coverageSchema":"1a1c01bbd47fc00a2c39e90264f33305004495a9","hash":"5f2792657930af7d9185676aba6b82813cca0f57"}
,"/Volumes/data/React Native Demo/PiyushSinroja_Practical/PiyushSinrojaPractical/source/redux-classes/ConfigStore.ts": {"path":"/Volumes/data/React Native Demo/PiyushSinroja_Practical/PiyushSinrojaPractical/source/redux-classes/ConfigStore.ts","statementMap":{"0":{"start":{"line":6,"column":20},"end":{"line":8,"column":2}},"1":{"start":{"line":11,"column":20},"end":{"line":13,"column":1}},"2":{"start":{"line":12,"column":4},"end":{"line":12,"column":60}}},"fnMap":{"0":{"name":"(anonymous_0)","decl":{"start":{"line":11,"column":20},"end":{"line":11,"column":21}},"loc":{"start":{"line":11,"column":26},"end":{"line":13,"column":1}},"line":11}},"branchMap":{},"s":{"0":4,"1":4,"2":4},"f":{"0":4},"b":{},"_coverageSchema":"1a1c01bbd47fc00a2c39e90264f33305004495a9","hash":"19bdbf7bd156770c6785dbc695f6a407e9d15d2e"}
,"/Volumes/data/React Native Demo/PiyushSinroja_Practical/PiyushSinrojaPractical/source/redux-classes/actions/ActionType.ts": {"path":"/Volumes/data/React Native Demo/PiyushSinroja_Practical/PiyushSinrojaPractical/source/redux-classes/actions/ActionType.ts","statementMap":{"0":{"start":{"line":1,"column":27},"end":{"line":3,"column":1}}},"fnMap":{},"branchMap":{},"s":{"0":5},"f":{},"b":{},"_coverageSchema":"1a1c01bbd47fc00a2c39e90264f33305004495a9","hash":"b18723d4b7de60d6571af5aa1134bedd0db4be0c"}
,"/Volumes/data/React Native Demo/PiyushSinroja_Practical/PiyushSinrojaPractical/source/redux-classes/actions/UserActions.ts": {"path":"/Volumes/data/React Native Demo/PiyushSinroja_Practical/PiyushSinrojaPractical/source/redux-classes/actions/UserActions.ts","statementMap":{"0":{"start":{"line":10,"column":27},"end":{"line":17,"column":1}},"1":{"start":{"line":12,"column":4},"end":{"line":15,"column":5}}},"fnMap":{"0":{"name":"(anonymous_0)","decl":{"start":{"line":11,"column":16},"end":{"line":11,"column":17}},"loc":{"start":{"line":11,"column":54},"end":{"line":16,"column":3}},"line":11}},"branchMap":{},"s":{"0":3,"1":2},"f":{"0":2},"b":{},"_coverageSchema":"1a1c01bbd47fc00a2c39e90264f33305004495a9","hash":"6fb74d4316540c472ee07fffb12be5b15d01447a"}
,"/Volumes/data/React Native Demo/PiyushSinroja_Practical/PiyushSinrojaPractical/source/redux-classes/deducers/UserReducers.ts": {"path":"/Volumes/data/React Native Demo/PiyushSinroja_Practical/PiyushSinrojaPractical/source/redux-classes/deducers/UserReducers.ts","statementMap":{"0":{"start":{"line":7,"column":23},"end":{"line":9,"column":3}},"1":{"start":{"line":12,"column":4},"end":{"line":20,"column":5}},"2":{"start":{"line":14,"column":8},"end":{"line":17,"column":10}},"3":{"start":{"line":19,"column":8},"end":{"line":19,"column":21}}},"fnMap":{"0":{"name":"UserReducers","decl":{"start":{"line":11,"column":26},"end":{"line":11,"column":38}},"loc":{"start":{"line":11,"column":85},"end":{"line":21,"column":3}},"line":11}},"branchMap":{"0":{"loc":{"start":{"line":11,"column":39},"end":{"line":11,"column":59}},"type":"default-arg","locations":[{"start":{"line":11,"column":47},"end":{"line":11,"column":59}}],"line":11},"1":{"loc":{"start":{"line":12,"column":4},"end":{"line":20,"column":5}},"type":"switch","locations":[{"start":{"line":13,"column":6},"end":{"line":17,"column":10}},{"start":{"line":18,"column":6},"end":{"line":19,"column":21}}],"line":12}},"s":{"0":4,"1":13,"2":1,"3":12},"f":{"0":13},"b":{"0":[12],"1":[1,12]},"_coverageSchema":"1a1c01bbd47fc00a2c39e90264f33305004495a9","hash":"8374657482afba622ed69e6980af29051afd8af7"}
,"/Volumes/data/React Native Demo/PiyushSinroja_Practical/PiyushSinrojaPractical/source/screens/ButtonScreen/ButtonScreen.tsx": {"path":"/Volumes/data/React Native Demo/PiyushSinroja_Practical/PiyushSinrojaPractical/source/screens/ButtonScreen/ButtonScreen.tsx","statementMap":{"0":{"start":{"line":9,"column":20},"end":{"line":9,"column":66}},"1":{"start":{"line":22,"column":50},"end":{"line":113,"column":1}},"2":{"start":{"line":23,"column":34},"end":{"line":23,"column":49}},"3":{"start":{"line":25,"column":23},"end":{"line":25,"column":79}},"4":{"start":{"line":25,"column":51},"end":{"line":25,"column":78}},"5":{"start":{"line":27,"column":38},"end":{"line":29,"column":3}},"6":{"start":{"line":28,"column":4},"end":{"line":28,"column":46}},"7":{"start":{"line":31,"column":21},"end":{"line":31,"column":77}},"8":{"start":{"line":31,"column":27},"end":{"line":31,"column":77}},"9":{"start":{"line":33,"column":27},"end":{"line":64,"column":3}},"10":{"start":{"line":34,"column":22},"end":{"line":34,"column":73}},"11":{"start":{"line":36,"column":4},"end":{"line":63,"column":6}},"12":{"start":{"line":49,"column":12},"end":{"line":49,"column":31}},"13":{"start":{"line":52,"column":12},"end":{"line":52,"column":30}},"14":{"start":{"line":66,"column":2},"end":{"line":112,"column":4}},"15":{"start":{"line":84,"column":14},"end":{"line":84,"column":44}},"16":{"start":{"line":93,"column":14},"end":{"line":93,"column":44}},"17":{"start":{"line":102,"column":14},"end":{"line":102,"column":44}}},"fnMap":{"0":{"name":"(anonymous_0)","decl":{"start":{"line":22,"column":50},"end":{"line":22,"column":51}},"loc":{"start":{"line":22,"column":68},"end":{"line":113,"column":1}},"line":22},"1":{"name":"(anonymous_1)","decl":{"start":{"line":25,"column":35},"end":{"line":25,"column":36}},"loc":{"start":{"line":25,"column":51},"end":{"line":25,"column":78}},"line":25},"2":{"name":"(anonymous_2)","decl":{"start":{"line":27,"column":38},"end":{"line":27,"column":39}},"loc":{"start":{"line":27,"column":44},"end":{"line":29,"column":3}},"line":27},"3":{"name":"(anonymous_3)","decl":{"start":{"line":31,"column":21},"end":{"line":31,"column":22}},"loc":{"start":{"line":31,"column":27},"end":{"line":31,"column":77}},"line":31},"4":{"name":"(anonymous_4)","decl":{"start":{"line":33,"column":27},"end":{"line":33,"column":28}},"loc":{"start":{"line":33,"column":33},"end":{"line":64,"column":3}},"line":33},"5":{"name":"(anonymous_5)","decl":{"start":{"line":48,"column":24},"end":{"line":48,"column":25}},"loc":{"start":{"line":48,"column":30},"end":{"line":50,"column":11}},"line":48},"6":{"name":"(anonymous_6)","decl":{"start":{"line":51,"column":26},"end":{"line":51,"column":27}},"loc":{"start":{"line":51,"column":32},"end":{"line":53,"column":11}},"line":51},"7":{"name":"(anonymous_7)","decl":{"start":{"line":83,"column":21},"end":{"line":83,"column":22}},"loc":{"start":{"line":83,"column":27},"end":{"line":85,"column":13}},"line":83},"8":{"name":"(anonymous_8)","decl":{"start":{"line":92,"column":21},"end":{"line":92,"column":22}},"loc":{"start":{"line":92,"column":27},"end":{"line":94,"column":13}},"line":92},"9":{"name":"(anonymous_9)","decl":{"start":{"line":101,"column":21},"end":{"line":101,"column":22}},"loc":{"start":{"line":101,"column":27},"end":{"line":103,"column":13}},"line":101}},"branchMap":{"0":{"loc":{"start":{"line":34,"column":22},"end":{"line":34,"column":73}},"type":"cond-expr","locations":[{"start":{"line":34,"column":42},"end":{"line":34,"column":61}},{"start":{"line":34,"column":64},"end":{"line":34,"column":73}}],"line":34}},"s":{"0":2,"1":2,"2":2,"3":2,"4":3,"5":2,"6":0,"7":2,"8":0,"9":2,"10":2,"11":2,"12":1,"13":1,"14":2,"15":0,"16":0,"17":0},"f":{"0":2,"1":3,"2":0,"3":0,"4":2,"5":1,"6":1,"7":0,"8":0,"9":0},"b":{"0":[1,1]},"_coverageSchema":"1a1c01bbd47fc00a2c39e90264f33305004495a9","hash":"9af772dbba634df9182e27c3b43f6db4bbd67ddf"}
,"/Volumes/data/React Native Demo/PiyushSinroja_Practical/PiyushSinrojaPractical/source/screens/ButtonScreen/ButtonScreenStyles.ts": {"path":"/Volumes/data/React Native Demo/PiyushSinroja_Practical/PiyushSinrojaPractical/source/screens/ButtonScreen/ButtonScreenStyles.ts","statementMap":{"0":{"start":{"line":3,"column":17},"end":{"line":3,"column":41}},"1":{"start":{"line":8,"column":34},"end":{"line":74,"column":2}}},"fnMap":{},"branchMap":{},"s":{"0":2,"1":2},"f":{},"b":{},"_coverageSchema":"1a1c01bbd47fc00a2c39e90264f33305004495a9","hash":"3f705e531cb92b91f71f024b48e4329bec43a53f"}
,"/Volumes/data/React Native Demo/PiyushSinroja_Practical/PiyushSinrojaPractical/source/screens/InformationScreen/InformationScreen.tsx": {"path":"/Volumes/data/React Native Demo/PiyushSinroja_Practical/PiyushSinrojaPractical/source/screens/InformationScreen/InformationScreen.tsx","statementMap":{"0":{"start":{"line":11,"column":36},"end":{"line":22,"column":1}},"1":{"start":{"line":13,"column":19},"end":{"line":13,"column":75}},"2":{"start":{"line":13,"column":47},"end":{"line":13,"column":74}},"3":{"start":{"line":14,"column":2},"end":{"line":21,"column":4}}},"fnMap":{"0":{"name":"(anonymous_0)","decl":{"start":{"line":11,"column":36},"end":{"line":11,"column":37}},"loc":{"start":{"line":11,"column":42},"end":{"line":22,"column":1}},"line":11},"1":{"name":"(anonymous_1)","decl":{"start":{"line":13,"column":31},"end":{"line":13,"column":32}},"loc":{"start":{"line":13,"column":47},"end":{"line":13,"column":74}},"line":13}},"branchMap":{},"s":{"0":2,"1":1,"2":2,"3":1},"f":{"0":1,"1":2},"b":{},"_coverageSchema":"1a1c01bbd47fc00a2c39e90264f33305004495a9","hash":"ee21551a2dde99ab0076298f81eb069eee38c0ea"}
,"/Volumes/data/React Native Demo/PiyushSinroja_Practical/PiyushSinrojaPractical/source/screens/InformationScreen/InformationScreenStyle.ts": {"path":"/Volumes/data/React Native Demo/PiyushSinroja_Practical/PiyushSinrojaPractical/source/screens/InformationScreen/InformationScreenStyle.ts","statementMap":{"0":{"start":{"line":7,"column":38},"end":{"line":28,"column":2}}},"fnMap":{},"branchMap":{},"s":{"0":2},"f":{},"b":{},"_coverageSchema":"1a1c01bbd47fc00a2c39e90264f33305004495a9","hash":"0f9dcd3edcd04e7e8ae261c42f8af61a6d0858f6"}
,"/Volumes/data/React Native Demo/PiyushSinroja_Practical/PiyushSinrojaPractical/source/screens/WelcomeScreen/WelcomeScreen.tsx": {"path":"/Volumes/data/React Native Demo/PiyushSinroja_Practical/PiyushSinrojaPractical/source/screens/WelcomeScreen/WelcomeScreen.tsx","statementMap":{"0":{"start":{"line":1,"column":24},"end":{"line":1,"column":48}},"1":{"start":{"line":18,"column":20},"end":{"line":18,"column":33}},"2":{"start":{"line":25,"column":27},"end":{"line":31,"column":3}},"3":{"start":{"line":26,"column":4},"end":{"line":30,"column":5}},"4":{"start":{"line":27,"column":6},"end":{"line":27,"column":18}},"5":{"start":{"line":29,"column":6},"end":{"line":29,"column":19}},"6":{"start":{"line":39,"column":52},"end":{"line":88,"column":1}},"7":{"start":{"line":41,"column":42},"end":{"line":41,"column":54}},"8":{"start":{"line":43,"column":19},"end":{"line":43,"column":32}},"9":{"start":{"line":45,"column":24},"end":{"line":48,"column":3}},"10":{"start":{"line":46,"column":20},"end":{"line":46,"column":58}},"11":{"start":{"line":47,"column":4},"end":{"line":47,"column":25}},"12":{"start":{"line":50,"column":2},"end":{"line":52,"column":9}},"13":{"start":{"line":51,"column":4},"end":{"line":51,"column":20}},"14":{"start":{"line":54,"column":22},"end":{"line":61,"column":3}},"15":{"start":{"line":55,"column":4},"end":{"line":60,"column":5}},"16":{"start":{"line":56,"column":8},"end":{"line":56,"column":57}},"17":{"start":{"line":57,"column":8},"end":{"line":57,"column":45}},"18":{"start":{"line":59,"column":6},"end":{"line":59,"column":62}},"19":{"start":{"line":63,"column":2},"end":{"line":87,"column":4}},"20":{"start":{"line":71,"column":40},"end":{"line":71,"column":65}},"21":{"start":{"line":79,"column":25},"end":{"line":79,"column":38}}},"fnMap":{"0":{"name":"(anonymous_0)","decl":{"start":{"line":25,"column":27},"end":{"line":25,"column":28}},"loc":{"start":{"line":25,"column":62},"end":{"line":31,"column":3}},"line":25},"1":{"name":"(anonymous_1)","decl":{"start":{"line":39,"column":52},"end":{"line":39,"column":53}},"loc":{"start":{"line":39,"column":70},"end":{"line":88,"column":1}},"line":39},"2":{"name":"(anonymous_2)","decl":{"start":{"line":45,"column":24},"end":{"line":45,"column":25}},"loc":{"start":{"line":45,"column":36},"end":{"line":48,"column":3}},"line":45},"3":{"name":"(anonymous_3)","decl":{"start":{"line":50,"column":12},"end":{"line":50,"column":13}},"loc":{"start":{"line":50,"column":18},"end":{"line":52,"column":3}},"line":50},"4":{"name":"(anonymous_4)","decl":{"start":{"line":54,"column":22},"end":{"line":54,"column":23}},"loc":{"start":{"line":54,"column":28},"end":{"line":61,"column":3}},"line":54},"5":{"name":"(anonymous_5)","decl":{"start":{"line":71,"column":26},"end":{"line":71,"column":27}},"loc":{"start":{"line":71,"column":40},"end":{"line":71,"column":65}},"line":71},"6":{"name":"(anonymous_6)","decl":{"start":{"line":79,"column":19},"end":{"line":79,"column":20}},"loc":{"start":{"line":79,"column":25},"end":{"line":79,"column":38}},"line":79}},"branchMap":{"0":{"loc":{"start":{"line":26,"column":4},"end":{"line":30,"column":5}},"type":"if","locations":[{"start":{"line":26,"column":4},"end":{"line":30,"column":5}},{"start":{"line":26,"column":4},"end":{"line":30,"column":5}}],"line":26},"1":{"loc":{"start":{"line":55,"column":4},"end":{"line":60,"column":5}},"type":"if","locations":[{"start":{"line":55,"column":4},"end":{"line":60,"column":5}},{"start":{"line":55,"column":4},"end":{"line":60,"column":5}}],"line":55}},"s":{"0":2,"1":2,"2":2,"3":6,"4":3,"5":3,"6":2,"7":3,"8":3,"9":3,"10":2,"11":0,"12":3,"13":2,"14":3,"15":2,"16":1,"17":1,"18":1,"19":3,"20":2,"21":2},"f":{"0":6,"1":3,"2":2,"3":2,"4":2,"5":2,"6":2},"b":{"0":[3,3],"1":[1,1]},"_coverageSchema":"1a1c01bbd47fc00a2c39e90264f33305004495a9","hash":"461625717acdb1cbcf342371bdc30390500bce83"}
,"/Volumes/data/React Native Demo/PiyushSinroja_Practical/PiyushSinrojaPractical/source/screens/WelcomeScreen/WelcomeScreenStyle.ts": {"path":"/Volumes/data/React Native Demo/PiyushSinroja_Practical/PiyushSinrojaPractical/source/screens/WelcomeScreen/WelcomeScreenStyle.ts","statementMap":{"0":{"start":{"line":3,"column":24},"end":{"line":3,"column":48}},"1":{"start":{"line":8,"column":34},"end":{"line":41,"column":2}}},"fnMap":{},"branchMap":{},"s":{"0":2,"1":2},"f":{},"b":{},"_coverageSchema":"1a1c01bbd47fc00a2c39e90264f33305004495a9","hash":"3ba16bbf6266734537102c8dd08605b2982be03a"}
}
