TN:
SF:App.tsx
FN:16,(anonymous_0)
FNF:1
FNH:1
FNDA:1,(anonymous_0)
DA:14,1
DA:16,1
DA:17,1
LF:3
LH:3
BRF:0
BRH:0
end_of_record
TN:
SF:source/assets/images/diamondIcon.png
FNF:0
FNH:0
DA:1,2
LF:1
LH:1
BRF:0
BRH:0
end_of_record
TN:
SF:source/common/components/CommonButton.tsx
FN:24,(anonymous_0)
FNF:1
FNH:1
FNDA:10,(anonymous_0)
DA:24,4
DA:31,10
LF:2
LH:2
BRF:0
BRH:0
end_of_record
TN:
SF:source/common/components/CommonButtonStyle.ts
FNF:0
FNH:0
DA:2,4
DA:7,4
LF:2
LH:2
BRF:0
BRH:0
end_of_record
TN:
SF:source/constant/Colors.ts
FNF:0
FNH:0
DA:4,4
LF:1
LH:1
BRF:0
BRH:0
end_of_record
TN:
SF:source/navigation-manager/NavigationManager.tsx
FN:15,NavigationManager
FNF:1
FNH:1
FNDA:1,NavigationManager
DA:16,1
DA:44,1
LF:2
LH:2
BRF:0
BRH:0
end_of_record
TN:
SF:source/navigation-manager/Screens.ts
FNF:0
FNH:0
DA:6,1
LF:1
LH:1
BRF:0
BRH:0
end_of_record
TN:
SF:source/redux-classes/ConfigStore.ts
FN:11,(anonymous_0)
FNF:1
FNH:1
FNDA:4,(anonymous_0)
DA:6,4
DA:11,4
DA:12,4
LF:3
LH:3
BRF:0
BRH:0
end_of_record
TN:
SF:source/redux-classes/actions/ActionType.ts
FNF:0
FNH:0
DA:1,5
LF:1
LH:1
BRF:0
BRH:0
end_of_record
TN:
SF:source/redux-classes/actions/UserActions.ts
FN:11,(anonymous_0)
FNF:1
FNH:1
FNDA:2,(anonymous_0)
DA:10,3
DA:12,2
LF:2
LH:2
BRF:0
BRH:0
end_of_record
TN:
SF:source/redux-classes/deducers/UserReducers.ts
FN:11,UserReducers
FNF:1
FNH:1
FNDA:13,UserReducers
DA:7,4
DA:12,13
DA:14,1
DA:19,12
LF:4
LH:4
BRDA:11,0,0,12
BRDA:12,1,0,1
BRDA:12,1,1,12
BRF:3
BRH:3
end_of_record
TN:
SF:source/screens/ButtonScreen/ButtonScreen.tsx
FN:22,(anonymous_0)
FN:25,(anonymous_1)
FN:27,(anonymous_2)
FN:31,(anonymous_3)
FN:33,(anonymous_4)
FN:48,(anonymous_5)
FN:51,(anonymous_6)
FN:83,(anonymous_7)
FN:92,(anonymous_8)
FN:101,(anonymous_9)
FNF:10
FNH:5
FNDA:2,(anonymous_0)
FNDA:3,(anonymous_1)
FNDA:0,(anonymous_2)
FNDA:0,(anonymous_3)
FNDA:2,(anonymous_4)
FNDA:1,(anonymous_5)
FNDA:1,(anonymous_6)
FNDA:0,(anonymous_7)
FNDA:0,(anonymous_8)
FNDA:0,(anonymous_9)
DA:9,2
DA:22,2
DA:23,2
DA:25,3
DA:27,2
DA:28,0
DA:31,2
DA:33,2
DA:34,2
DA:36,2
DA:49,1
DA:52,1
DA:66,2
DA:84,0
DA:93,0
DA:102,0
LF:16
LH:12
BRDA:34,0,0,1
BRDA:34,0,1,1
BRF:2
BRH:2
end_of_record
TN:
SF:source/screens/ButtonScreen/ButtonScreenStyles.ts
FNF:0
FNH:0
DA:3,2
DA:8,2
LF:2
LH:2
BRF:0
BRH:0
end_of_record
TN:
SF:source/screens/InformationScreen/InformationScreen.tsx
FN:11,(anonymous_0)
FN:13,(anonymous_1)
FNF:2
FNH:2
FNDA:1,(anonymous_0)
FNDA:2,(anonymous_1)
DA:11,2
DA:13,2
DA:14,1
LF:3
LH:3
BRF:0
BRH:0
end_of_record
TN:
SF:source/screens/InformationScreen/InformationScreenStyle.ts
FNF:0
FNH:0
DA:7,2
LF:1
LH:1
BRF:0
BRH:0
end_of_record
TN:
SF:source/screens/WelcomeScreen/WelcomeScreen.tsx
FN:25,(anonymous_0)
FN:39,(anonymous_1)
FN:45,(anonymous_2)
FN:50,(anonymous_3)
FN:54,(anonymous_4)
FN:71,(anonymous_5)
FN:79,(anonymous_6)
FNF:7
FNH:7
FNDA:6,(anonymous_0)
FNDA:3,(anonymous_1)
FNDA:2,(anonymous_2)
FNDA:2,(anonymous_3)
FNDA:2,(anonymous_4)
FNDA:2,(anonymous_5)
FNDA:2,(anonymous_6)
DA:1,2
DA:18,2
DA:25,2
DA:26,6
DA:27,3
DA:29,3
DA:39,2
DA:41,3
DA:43,3
DA:45,3
DA:46,2
DA:47,0
DA:50,3
DA:51,2
DA:54,3
DA:55,2
DA:56,1
DA:57,1
DA:59,1
DA:63,3
DA:71,2
DA:79,2
LF:22
LH:21
BRDA:26,0,0,3
BRDA:26,0,1,3
BRDA:55,1,0,1
BRDA:55,1,1,1
BRF:4
BRH:4
end_of_record
TN:
SF:source/screens/WelcomeScreen/WelcomeScreenStyle.ts
FNF:0
FNH:0
DA:3,2
DA:8,2
LF:2
LH:2
BRF:0
BRH:0
end_of_record
